<?xml version="1.0" encoding="UTF-8"?>
<testng-results skipped="0" failed="0" total="1" passed="1">
  <reporter-output>
  </reporter-output>
  <suite name="Default suite" duration-ms="71908" started-at="2019-11-12T19:41:25Z" finished-at="2019-11-12T19:42:36Z">
    <groups>
    </groups>
    <test name="Default test" duration-ms="71908" started-at="2019-11-12T19:41:25Z" finished-at="2019-11-12T19:42:36Z">
      <class name="seleniumProgram.TestTaskProgram">
        <test-method status="PASS" signature="testBeforeClass()[pri:0, instance:seleniumProgram.TestTaskProgram@215be6bb]" name="testBeforeClass" is-config="true" duration-ms="11276" started-at="2019-11-13T01:11:25Z" finished-at="2019-11-13T01:11:36Z">
          <reporter-output>
          </reporter-output>
        </test-method> <!-- testBeforeClass -->
        <test-method status="PASS" signature="productTest()[pri:0, instance:seleniumProgram.TestTaskProgram@215be6bb]" name="productTest" duration-ms="60454" started-at="2019-11-13T01:11:36Z" finished-at="2019-11-13T01:12:36Z">
          <reporter-output>
          </reporter-output>
        </test-method> <!-- productTest -->
        <test-method status="PASS" signature="testAfterClass()[pri:0, instance:seleniumProgram.TestTaskProgram@215be6bb]" name="testAfterClass" is-config="true" duration-ms="165" started-at="2019-11-13T01:12:36Z" finished-at="2019-11-13T01:12:36Z">
          <reporter-output>
          </reporter-output>
        </test-method> <!-- testAfterClass -->
      </class> <!-- seleniumProgram.TestTaskProgram -->
    </test> <!-- Default test -->
  </suite> <!-- Default suite -->
</testng-results>
